#
# There is insufficient memory for the Java Runtime Environment to continue.
# Native memory allocation (mmap) failed to map 189792256 bytes for committing reserved memory.
# Possible reasons:
#   The system is out of physical RAM or swap space
#   In 32 bit mode, the process size limit was hit
# Possible solutions:
#   Reduce memory load on the system
#   Increase physical memory or swap space
#   Check if swap backing store is full
#   Use 64 bit Java on a 64 bit OS
#   Decrease Java heap size (-Xmx/-Xms)
#   Decrease number of Java threads
#   Decrease Java thread stack sizes (-Xss)
#   Set larger code cache with -XX:ReservedCodeCacheSize=
# This output file may be truncated or incomplete.
#
#  Out of Memory Error (os_linux.cpp:2643), pid=25870, tid=0x00007fcbab4f4700
#
# JRE version: OpenJDK Runtime Environment (8.0_162-b12) (build 1.8.0_162-8u162-b12-0ubuntu0.17.10.2-b12)
# Java VM: OpenJDK 64-Bit Server VM (25.162-b12 mixed mode linux-amd64 compressed oops)
# Failed to write core dump. Core dumps have been disabled. To enable core dumping, try "ulimit -c unlimited" before starting Java again
#

---------------  T H R E A D  ---------------

Current thread (0x00007fcbcc141800):  VMThread [stack: 0x00007fcbab3f4000,0x00007fcbab4f5000] [id=25882]

Stack: [0x00007fcbab3f4000,0x00007fcbab4f5000],  sp=0x00007fcbab4f3490,  free space=1021k
Native frames: (J=compiled Java code, j=interpreted, Vv=VM code, C=native code)
V  [libjvm.so+0xaaa652]
V  [libjvm.so+0x4d7b27]
V  [libjvm.so+0x8e5c30]
V  [libjvm.so+0x8e018e]
V  [libjvm.so+0x9609a6]
V  [libjvm.so+0x961d18]
V  [libjvm.so+0x95e316]
V  [libjvm.so+0x95e6ac]
V  [libjvm.so+0x90cee8]
V  [libjvm.so+0xaac312]
V  [libjvm.so+0xab0ef6]
V  [libjvm.so+0xaaf195]
V  [libjvm.so+0xaafb0d]
V  [libjvm.so+0xaafee7]
V  [libjvm.so+0x8e3082]

VM_Operation (0x00007fcbd353c650): ParallelGCFailedAllocation, mode: safepoint, requested by thread 0x00007fcbcc00c800


---------------  P R O C E S S  ---------------

Java Threads: ( => current thread )
  0x00007fcbcc264800 JavaThread "Service Thread" daemon [_thread_blocked, id=25894, stack(0x00007fcbaa5c6000,0x00007fcbaa6c7000)]
  0x00007fcbcc262000 JavaThread "C1 CompilerThread2" daemon [_thread_blocked, id=25893, stack(0x00007fcbaa6c7000,0x00007fcbaa7c8000)]
  0x00007fcbcc260000 JavaThread "C2 CompilerThread1" daemon [_thread_blocked, id=25892, stack(0x00007fcbaa9e0000,0x00007fcbaaae1000)]
  0x00007fcbcc25e000 JavaThread "C2 CompilerThread0" daemon [_thread_blocked, id=25891, stack(0x00007fcbaaae1000,0x00007fcbaabe2000)]
  0x00007fcbcc25c000 JavaThread "Monitor Ctrl-Break" daemon [_thread_in_native, id=25890, stack(0x00007fcbaabe2000,0x00007fcbaace3000)]
  0x00007fcbcc175000 JavaThread "Signal Dispatcher" daemon [_thread_blocked, id=25889, stack(0x00007fcbaace3000,0x00007fcbaade4000)]
  0x00007fcbcc14d800 JavaThread "Finalizer" daemon [_thread_blocked, id=25886, stack(0x00007fcbab1f2000,0x00007fcbab2f3000)]
  0x00007fcbcc149000 JavaThread "Reference Handler" daemon [_thread_blocked, id=25883, stack(0x00007fcbab2f3000,0x00007fcbab3f4000)]
  0x00007fcbcc00c800 JavaThread "main" [_thread_blocked, id=25872, stack(0x00007fcbd343d000,0x00007fcbd353e000)]

Other Threads:
=>0x00007fcbcc141800 VMThread [stack: 0x00007fcbab3f4000,0x00007fcbab4f5000] [id=25882]
  0x00007fcbcc267000 WatcherThread [stack: 0x00007fcbaa4c5000,0x00007fcbaa5c6000] [id=25895]

VM state:at safepoint (normal execution)

VM Mutex/Monitor currently owned by a thread:  ([mutex/lock_event])
[0x00007fcbcc0092a0] Threads_lock - owner thread: 0x00007fcbcc141800
[0x00007fcbcc0097a0] Heap_lock - owner thread: 0x00007fcbcc00c800

Heap:
 PSYoungGen      total 309760K, used 192K [0x00000000e1900000, 0x00000000f4900000, 0x0000000100000000)
  eden space 308224K, 0% used [0x00000000e1900000,0x00000000e1900000,0x00000000f4600000)
  from space 1536K, 12% used [0x00000000f4600000,0x00000000f4630000,0x00000000f4780000)
  to   space 1536K, 0% used [0x00000000f4780000,0x00000000f4780000,0x00000000f4900000)
 ParOldGen       total 62976K, used 715K [0x00000000a4a00000, 0x00000000a8780000, 0x00000000e1900000)
  object space 62976K, 1% used [0x00000000a4a00000,0x00000000a4ab2c30,0x00000000a8780000)
 Metaspace       used 3406K, capacity 4568K, committed 4864K, reserved 1056768K
  class space    used 360K, capacity 392K, committed 512K, reserved 1048576K

Card table byte_map: [0x00007fcbbc549000,0x00007fcbbc825000] byte_map_base: 0x00007fcbbc024000

Marking Bits: (ParMarkBitMap*) 0x00007fcbd26f7120
 Begin Bits: [0x00007fcbb91ad000, 0x00007fcbba885000)
 End Bits:   [0x00007fcbba885000, 0x00007fcbbbf5d000)

Polling page: 0x00007fcbd3567000

CodeCache: size=245760Kb used=1358Kb max_used=1368Kb free=244401Kb
 bounds [0x00007fcbbcbe5000, 0x00007fcbbce55000, 0x00007fcbcbbe5000]
 total_blobs=409 nmethods=156 adapters=168
 compilation: enabled

Compilation events (10 events):
Event: 1,193 Thread 0x00007fcbcc260000  152       4       cryptolab3.AffineCipher::getBigramByNumber (15 bytes)
Event: 1,198 Thread 0x00007fcbcc260000 nmethod 152 0x00007fcbbcd36c90 code [0x00007fcbbcd36e00, 0x00007fcbbcd37058]
Event: 1,260 Thread 0x00007fcbcc262000  153       3       java.util.TreeMap::rotateRight (96 bytes)
Event: 1,261 Thread 0x00007fcbcc262000 nmethod 153 0x00007fcbbcd31ad0 code [0x00007fcbbcd31c40, 0x00007fcbbcd31f90]
Event: 1,261 Thread 0x00007fcbcc262000  154       3       java.util.ArrayList::get (11 bytes)
Event: 1,262 Thread 0x00007fcbcc262000 nmethod 154 0x00007fcbbcd313d0 code [0x00007fcbbcd31560, 0x00007fcbbcd318b8]
Event: 1,263 Thread 0x00007fcbcc25e000  155       4       java.lang.Math::min (11 bytes)
Event: 1,264 Thread 0x00007fcbcc25e000 nmethod 155 0x00007fcbbcd36210 code [0x00007fcbbcd36340, 0x00007fcbbcd36398]
Event: 1,348 Thread 0x00007fcbcc262000  156       1       java.nio.Buffer::limit (5 bytes)
Event: 1,348 Thread 0x00007fcbcc262000 nmethod 156 0x00007fcbbcd32bd0 code [0x00007fcbbcd32d20, 0x00007fcbbcd32e30]

GC Heap History (10 events):
Event: 0,893 GC heap after
Heap after GC invocations=6 (full 0):
 PSYoungGen      total 97280K, used 912K [0x00000000e1900000, 0x00000000e7900000, 0x0000000100000000)
  eden space 96256K, 0% used [0x00000000e1900000,0x00000000e1900000,0x00000000e7700000)
  from space 1024K, 89% used [0x00000000e7800000,0x00000000e78e4140,0x00000000e7900000)
  to   space 1024K, 0% used [0x00000000e7700000,0x00000000e7700000,0x00000000e7800000)
 ParOldGen       total 62976K, used 8K [0x00000000a4a00000, 0x00000000a8780000, 0x00000000e1900000)
  object space 62976K, 0% used [0x00000000a4a00000,0x00000000a4a02000,0x00000000a8780000)
 Metaspace       used 3385K, capacity 4568K, committed 4864K, reserved 1056768K
  class space    used 358K, capacity 392K, committed 512K, reserved 1048576K
}
Event: 1,051 GC heap before
{Heap before GC invocations=7 (full 0):
 PSYoungGen      total 97280K, used 97168K [0x00000000e1900000, 0x00000000e7900000, 0x0000000100000000)
  eden space 96256K, 100% used [0x00000000e1900000,0x00000000e7700000,0x00000000e7700000)
  from space 1024K, 89% used [0x00000000e7800000,0x00000000e78e4140,0x00000000e7900000)
  to   space 1024K, 0% used [0x00000000e7700000,0x00000000e7700000,0x00000000e7800000)
 ParOldGen       total 62976K, used 8K [0x00000000a4a00000, 0x00000000a8780000, 0x00000000e1900000)
  object space 62976K, 0% used [0x00000000a4a00000,0x00000000a4a02000,0x00000000a8780000)
 Metaspace       used 3405K, capacity 4568K, committed 4864K, reserved 1056768K
  class space    used 360K, capacity 392K, committed 512K, reserved 1048576K
Event: 1,056 GC heap after
Heap after GC invocations=7 (full 0):
 PSYoungGen      total 97280K, used 96K [0x00000000e1900000, 0x00000000ed800000, 0x0000000100000000)
  eden space 96256K, 0% used [0x00000000e1900000,0x00000000e1900000,0x00000000e7700000)
  from space 1024K, 9% used [0x00000000e7700000,0x00000000e7718000,0x00000000e7800000)
  to   space 1536K, 0% used [0x00000000ed680000,0x00000000ed680000,0x00000000ed800000)
 ParOldGen       total 62976K, used 683K [0x00000000a4a00000, 0x00000000a8780000, 0x00000000e1900000)
  object space 62976K, 1% used [0x00000000a4a00000,0x00000000a4aaac30,0x00000000a8780000)
 Metaspace       used 3405K, capacity 4568K, committed 4864K, reserved 1056768K
  class space    used 360K, capacity 392K, committed 512K, reserved 1048576K
}
Event: 1,088 GC heap before
{Heap before GC invocations=8 (full 0):
 PSYoungGen      total 97280K, used 96352K [0x00000000e1900000, 0x00000000ed800000, 0x0000000100000000)
  eden space 96256K, 100% used [0x00000000e1900000,0x00000000e7700000,0x00000000e7700000)
  from space 1024K, 9% used [0x00000000e7700000,0x00000000e7718000,0x00000000e7800000)
  to   space 1536K, 0% used [0x00000000ed680000,0x00000000ed680000,0x00000000ed800000)
 ParOldGen       total 62976K, used 683K [0x00000000a4a00000, 0x00000000a8780000, 0x00000000e1900000)
  object space 62976K, 1% used [0x00000000a4a00000,0x00000000a4aaac30,0x00000000a8780000)
 Metaspace       used 3405K, capacity 4568K, committed 4864K, reserved 1056768K
  class space    used 360K, capacity 392K, committed 512K, reserved 1048576K
Event: 1,090 GC heap after
Heap after GC invocations=8 (full 0):
 PSYoungGen      total 194048K, used 64K [0x00000000e1900000, 0x00000000ed800000, 0x0000000100000000)
  eden space 192512K, 0% used [0x00000000e1900000,0x00000000e1900000,0x00000000ed500000)
  from space 1536K, 4% used [0x00000000ed680000,0x00000000ed690000,0x00000000ed800000)
  to   space 1536K, 0% used [0x00000000ed500000,0x00000000ed500000,0x00000000ed680000)
 ParOldGen       total 62976K, used 691K [0x00000000a4a00000, 0x00000000a8780000, 0x00000000e1900000)
  object space 62976K, 1% used [0x00000000a4a00000,0x00000000a4aacc30,0x00000000a8780000)
 Metaspace       used 3405K, capacity 4568K, committed 4864K, reserved 1056768K
  class space    used 360K, capacity 392K, committed 512K, reserved 1048576K
}
Event: 1,292 GC heap before
{Heap before GC invocations=9 (full 0):
 PSYoungGen      total 194048K, used 192576K [0x00000000e1900000, 0x00000000ed800000, 0x0000000100000000)
  eden space 192512K, 100% used [0x00000000e1900000,0x00000000ed500000,0x00000000ed500000)
  from space 1536K, 4% used [0x00000000ed680000,0x00000000ed690000,0x00000000ed800000)
  to   space 1536K, 0% used [0x00000000ed500000,0x00000000ed500000,0x00000000ed680000)
 ParOldGen       total 62976K, used 691K [0x00000000a4a00000, 0x00000000a8780000, 0x00000000e1900000)
  object space 62976K, 1% used [0x00000000a4a00000,0x00000000a4aacc30,0x00000000a8780000)
 Metaspace       used 3406K, capacity 4568K, committed 4864K, reserved 1056768K
  class space    used 360K, capacity 392K, committed 512K, reserved 1048576K
Event: 1,295 GC heap after
Heap after GC invocations=9 (full 0):
 PSYoungGen      total 194048K, used 64K [0x00000000e1900000, 0x00000000f4900000, 0x0000000100000000)
  eden space 192512K, 0% used [0x00000000e1900000,0x00000000e1900000,0x00000000ed500000)
  from space 1536K, 4% used [0x00000000ed500000,0x00000000ed510000,0x00000000ed680000)
  to   space 1536K, 0% used [0x00000000f4780000,0x00000000f4780000,0x00000000f4900000)
 ParOldGen       total 62976K, used 699K [0x00000000a4a00000, 0x00000000a8780000, 0x00000000e1900000)
  object space 62976K, 1% used [0x00000000a4a00000,0x00000000a4aaec30,0x00000000a8780000)
 Metaspace       used 3406K, capacity 4568K, committed 4864K, reserved 1056768K
  class space    used 360K, capacity 392K, committed 512K, reserved 1048576K
}
Event: 1,363 GC heap before
{Heap before GC invocations=10 (full 0):
 PSYoungGen      total 194048K, used 192576K [0x00000000e1900000, 0x00000000f4900000, 0x0000000100000000)
  eden space 192512K, 100% used [0x00000000e1900000,0x00000000ed500000,0x00000000ed500000)
  from space 1536K, 4% used [0x00000000ed500000,0x00000000ed510000,0x00000000ed680000)
  to   space 1536K, 0% used [0x00000000f4780000,0x00000000f4780000,0x00000000f4900000)
 ParOldGen       total 62976K, used 699K [0x00000000a4a00000, 0x00000000a8780000, 0x00000000e1900000)
  object space 62976K, 1% used [0x00000000a4a00000,0x00000000a4aaec30,0x00000000a8780000)
 Metaspace       used 3406K, capacity 4568K, committed 4864K, reserved 1056768K
  class space    used 360K, capacity 392K, committed 512K, reserved 1048576K
Event: 1,366 GC heap after
Heap after GC invocations=10 (full 0):
 PSYoungGen      total 309760K, used 32K [0x00000000e1900000, 0x00000000f4900000, 0x0000000100000000)
  eden space 308224K, 0% used [0x00000000e1900000,0x00000000e1900000,0x00000000f4600000)
  from space 1536K, 2% used [0x00000000f4780000,0x00000000f4788000,0x00000000f4900000)
  to   space 1536K, 0% used [0x00000000f4600000,0x00000000f4600000,0x00000000f4780000)
 ParOldGen       total 62976K, used 707K [0x00000000a4a00000, 0x00000000a8780000, 0x00000000e1900000)
  object space 62976K, 1% used [0x00000000a4a00000,0x00000000a4ab0c30,0x00000000a8780000)
 Metaspace       used 3406K, capacity 4568K, committed 4864K, reserved 1056768K
  class space    used 360K, capacity 392K, committed 512K, reserved 1048576K
}
Event: 1,776 GC heap before
{Heap before GC invocations=11 (full 0):
 PSYoungGen      total 309760K, used 308256K [0x00000000e1900000, 0x00000000f4900000, 0x0000000100000000)
  eden space 308224K, 100% used [0x00000000e1900000,0x00000000f4600000,0x00000000f4600000)
  from space 1536K, 2% used [0x00000000f4780000,0x00000000f4788000,0x00000000f4900000)
  to   space 1536K, 0% used [0x00000000f4600000,0x00000000f4600000,0x00000000f4780000)
 ParOldGen       total 62976K, used 707K [0x00000000a4a00000, 0x00000000a8780000, 0x00000000e1900000)
  object space 62976K, 1% used [0x00000000a4a00000,0x00000000a4ab0c30,0x00000000a8780000)
 Metaspace       used 3406K, capacity 4568K, committed 4864K, reserved 1056768K
  class space    used 360K, capacity 392K, committed 512K, reserved 1048576K

Deoptimization events (8 events):
Event: 0,759 Thread 0x00007fcbcc00c800 Uncommon trap: reason=class_check action=maybe_recompile pc=0x00007fcbbcd200e8 method=java.util.TreeMap.getEntry(Ljava/lang/Object;)Ljava/util/TreeMap$Entry; @ 26
Event: 0,759 Thread 0x00007fcbcc00c800 Uncommon trap: reason=unstable_if action=reinterpret pc=0x00007fcbbcd062cc method=java.lang.Integer.compare(II)I @ 2
Event: 0,765 Thread 0x00007fcbcc00c800 Uncommon trap: reason=class_check action=maybe_recompile pc=0x00007fcbbcd200e8 method=java.util.TreeMap.getEntry(Ljava/lang/Object;)Ljava/util/TreeMap$Entry; @ 26
Event: 0,765 Thread 0x00007fcbcc00c800 Uncommon trap: reason=class_check action=maybe_recompile pc=0x00007fcbbcd200e8 method=java.util.TreeMap.getEntry(Ljava/lang/Object;)Ljava/util/TreeMap$Entry; @ 26
Event: 0,765 Thread 0x00007fcbcc00c800 Uncommon trap: reason=class_check action=maybe_recompile pc=0x00007fcbbcd200e8 method=java.util.TreeMap.getEntry(Ljava/lang/Object;)Ljava/util/TreeMap$Entry; @ 26
Event: 0,908 Thread 0x00007fcbcc00c800 Uncommon trap: reason=predicate action=maybe_recompile pc=0x00007fcbbcd2f8a8 method=java.util.TreeMap.getEntry(Ljava/lang/Object;)Ljava/util/TreeMap$Entry; @ 39
Event: 0,909 Thread 0x00007fcbcc00c800 Uncommon trap: reason=predicate action=maybe_recompile pc=0x00007fcbbcd13a2c method=java.util.TreeMap.put(Ljava/lang/Object;Ljava/lang/Object;)Ljava/lang/Object; @ 132
Event: 0,909 Thread 0x00007fcbcc00c800 Uncommon trap: reason=predicate action=maybe_recompile pc=0x00007fcbbcd30320 method=java.util.TreeMap.getEntry(Ljava/lang/Object;)Ljava/util/TreeMap$Entry; @ 39

Classes redefined (0 events):
No events

Internal exceptions (5 events):
Event: 0,086 Thread 0x00007fcbcc00c800 Exception <a 'java/lang/NoSuchMethodError': Method sun.misc.Unsafe.defineClass(Ljava/lang/String;[BII)Ljava/lang/Class; name or signature does not match> (0x00000000e1907ca0) thrown at [/build/openjdk-8-tOoOp2/openjdk-8-8u162-b12/src/hotspot/src/share/vm/
Event: 0,086 Thread 0x00007fcbcc00c800 Exception <a 'java/lang/NoSuchMethodError': Method sun.misc.Unsafe.prefetchRead(Ljava/lang/Object;J)V name or signature does not match> (0x00000000e1907f88) thrown at [/build/openjdk-8-tOoOp2/openjdk-8-8u162-b12/src/hotspot/src/share/vm/prims/jni.cpp, lin
Event: 0,193 Thread 0x00007fcbcc00c800 Exception <a 'java/util/zip/ZipException'> (0x00000000e1988200) thrown at [/build/openjdk-8-tOoOp2/openjdk-8-8u162-b12/src/hotspot/src/share/vm/prims/jni.cpp, line 709]
Event: 0,193 Thread 0x00007fcbcc00c800 Exception <a 'java/security/PrivilegedActionException'> (0x00000000e1988938) thrown at [/build/openjdk-8-tOoOp2/openjdk-8-8u162-b12/src/hotspot/src/share/vm/prims/jvm.cpp, line 1390]
Event: 0,193 Thread 0x00007fcbcc00c800 Exception <a 'java/security/PrivilegedActionException'> (0x00000000e1988b48) thrown at [/build/openjdk-8-tOoOp2/openjdk-8-8u162-b12/src/hotspot/src/share/vm/prims/jvm.cpp, line 1390]

Events (10 events):
Event: 0,962 loading class java/lang/StrictMath done
Event: 1,051 Executing VM operation: ParallelGCFailedAllocation
Event: 1,056 Executing VM operation: ParallelGCFailedAllocation done
Event: 1,088 Executing VM operation: ParallelGCFailedAllocation
Event: 1,090 Executing VM operation: ParallelGCFailedAllocation done
Event: 1,292 Executing VM operation: ParallelGCFailedAllocation
Event: 1,295 Executing VM operation: ParallelGCFailedAllocation done
Event: 1,363 Executing VM operation: ParallelGCFailedAllocation
Event: 1,366 Executing VM operation: ParallelGCFailedAllocation done
Event: 1,776 Executing VM operation: ParallelGCFailedAllocation


Dynamic libraries:
a4a00000-a8780000 rw-p 00000000 00:00 0 
a8780000-e1900000 ---p 00000000 00:00 0 
e1900000-f4900000 rw-p 00000000 00:00 0 
ffe00000-100000000 ---p 00000000 00:00 0 
100000000-100080000 rw-p 00000000 00:00 0 
100080000-140000000 ---p 00000000 00:00 0 
564a39e1d000-564a39e1e000 r-xp 00000000 08:14 1839114                    /usr/lib/jvm/java-8-openjdk-amd64/jre/bin/java
564a3a01d000-564a3a01e000 r--p 00000000 08:14 1839114                    /usr/lib/jvm/java-8-openjdk-amd64/jre/bin/java
564a3a01e000-564a3a01f000 rw-p 00001000 08:14 1839114                    /usr/lib/jvm/java-8-openjdk-amd64/jre/bin/java
564a3c00e000-564a3c02f000 rw-p 00000000 00:00 0                          [heap]
7fcb74000000-7fcb74021000 rw-p 00000000 00:00 0 
7fcb74021000-7fcb78000000 ---p 00000000 00:00 0 
7fcb7c000000-7fcb7c117000 rw-p 00000000 00:00 0 
7fcb7c117000-7fcb80000000 ---p 00000000 00:00 0 
7fcb80000000-7fcb80021000 rw-p 00000000 00:00 0 
7fcb80021000-7fcb84000000 ---p 00000000 00:00 0 
7fcb84000000-7fcb84080000 rw-p 00000000 00:00 0 
7fcb84080000-7fcb88000000 ---p 00000000 00:00 0 
7fcb88000000-7fcb880ce000 rw-p 00000000 00:00 0 
7fcb880ce000-7fcb8c000000 ---p 00000000 00:00 0 
7fcb8cfff000-7fcb90000000 rw-p 00000000 00:00 0 
7fcb90000000-7fcb90021000 rw-p 00000000 00:00 0 
7fcb90021000-7fcb94000000 ---p 00000000 00:00 0 
7fcb94000000-7fcb94021000 rw-p 00000000 00:00 0 
7fcb94021000-7fcb98000000 ---p 00000000 00:00 0 
7fcb98000000-7fcb98021000 rw-p 00000000 00:00 0 
7fcb98021000-7fcb9c000000 ---p 00000000 00:00 0 
7fcb9c000000-7fcb9c021000 rw-p 00000000 00:00 0 
7fcb9c021000-7fcba0000000 ---p 00000000 00:00 0 
7fcba0000000-7fcba0021000 rw-p 00000000 00:00 0 
7fcba0021000-7fcba4000000 ---p 00000000 00:00 0 
7fcba4000000-7fcba4021000 rw-p 00000000 00:00 0 
7fcba4021000-7fcba8000000 ---p 00000000 00:00 0 
7fcbaa4c5000-7fcbaa4c6000 ---p 00000000 00:00 0 
7fcbaa4c6000-7fcbaa5c6000 rw-p 00000000 00:00 0 
7fcbaa5c6000-7fcbaa5c9000 ---p 00000000 00:00 0 
7fcbaa5c9000-7fcbaa6c7000 rw-p 00000000 00:00 0 
7fcbaa6c7000-7fcbaa6ca000 ---p 00000000 00:00 0 
7fcbaa6ca000-7fcbaa7c8000 rw-p 00000000 00:00 0 
7fcbaa7c8000-7fcbaa7de000 r-xp 00000000 08:14 1839153                    /usr/lib/jvm/java-8-openjdk-amd64/jre/lib/amd64/libnet.so
7fcbaa7de000-7fcbaa9de000 ---p 00016000 08:14 1839153                    /usr/lib/jvm/java-8-openjdk-amd64/jre/lib/amd64/libnet.so
7fcbaa9de000-7fcbaa9df000 r--p 00016000 08:14 1839153                    /usr/lib/jvm/java-8-openjdk-amd64/jre/lib/amd64/libnet.so
7fcbaa9df000-7fcbaa9e0000 rw-p 00017000 08:14 1839153                    /usr/lib/jvm/java-8-openjdk-amd64/jre/lib/amd64/libnet.so
7fcbaa9e0000-7fcbaa9e3000 ---p 00000000 00:00 0 
7fcbaa9e3000-7fcbaaae1000 rw-p 00000000 00:00 0 
7fcbaaae1000-7fcbaaae4000 ---p 00000000 00:00 0 
7fcbaaae4000-7fcbaabe2000 rw-p 00000000 00:00 0 
7fcbaabe2000-7fcbaabe5000 ---p 00000000 00:00 0 
7fcbaabe5000-7fcbaace3000 rw-p 00000000 00:00 0 
7fcbaace3000-7fcbaace6000 ---p 00000000 00:00 0 
7fcbaace6000-7fcbaade4000 rw-p 00000000 00:00 0 
7fcbaade4000-7fcbab1f2000 r--p 00000000 08:14 392451                     /usr/lib/locale/locale-archive
7fcbab1f2000-7fcbab1f5000 ---p 00000000 00:00 0 
7fcbab1f5000-7fcbab2f3000 rw-p 00000000 00:00 0 
7fcbab2f3000-7fcbab2f6000 ---p 00000000 00:00 0 
7fcbab2f6000-7fcbab3f4000 rw-p 00000000 00:00 0 
7fcbab3f4000-7fcbab3f5000 ---p 00000000 00:00 0 
7fcbab3f5000-7fcbac000000 rw-p 00000000 00:00 0 
7fcbac000000-7fcbac021000 rw-p 00000000 00:00 0 
7fcbac021000-7fcbb0000000 ---p 00000000 00:00 0 
7fcbb0000000-7fcbb0021000 rw-p 00000000 00:00 0 
7fcbb0021000-7fcbb4000000 ---p 00000000 00:00 0 
7fcbb4000000-7fcbb4021000 rw-p 00000000 00:00 0 
7fcbb4021000-7fcbb8000000 ---p 00000000 00:00 0 
7fcbb8027000-7fcbb802e000 r--s 00000000 08:14 538691                     /usr/lib/x86_64-linux-gnu/gconv/gconv-modules.cache
7fcbb802e000-7fcbb805d000 r--p 00000000 08:14 790488                     /usr/share/locale-langpack/ru/LC_MESSAGES/libc.mo
7fcbb805d000-7fcbb805f000 r--s 0001a000 08:14 1839333                    /home/raccoon/.local/share/umake/ide/idea/lib/idea_rt.jar
7fcbb805f000-7fcbb8072000 r--s 00346000 08:14 1850597                    /usr/lib/jvm/java-8-openjdk-amd64/jre/lib/resources.jar
7fcbb8072000-7fcbb8077000 r--s 0009d000 08:14 1850589                    /usr/lib/jvm/java-8-openjdk-amd64/jre/lib/jsse.jar
7fcbb8077000-7fcbb807a000 r--s 00015000 08:14 1839209                    /usr/lib/jvm/java-8-openjdk-amd64/jre/lib/jce.jar
7fcbb807a000-7fcbb807c000 r--s 00007000 08:14 665810                     /usr/share/java/java-atk-wrapper.jar
7fcbb807c000-7fcbb8081000 r--s 002f9000 08:14 1839164                    /usr/lib/jvm/java-8-openjdk-amd64/jre/lib/charsets.jar
7fcbb8081000-7fcbb809c000 r--s 001d6000 08:14 1839177                    /usr/lib/jvm/java-8-openjdk-amd64/jre/lib/ext/nashorn.jar
7fcbb809c000-7fcbb809e000 r--s 00008000 08:14 1839178                    /usr/lib/jvm/java-8-openjdk-amd64/jre/lib/ext/sunec.jar
7fcbb809e000-7fcbb80a1000 r--s 00038000 08:14 1839180                    /usr/lib/jvm/java-8-openjdk-amd64/jre/lib/ext/sunpkcs11.jar
7fcbb80a1000-7fcbb80a6000 r--s 0003b000 08:14 1839179                    /usr/lib/jvm/java-8-openjdk-amd64/jre/lib/ext/sunjce_provider.jar
7fcbb80a6000-7fcbb80b0000 r--s 00116000 08:14 1839176                    /usr/lib/jvm/java-8-openjdk-amd64/jre/lib/ext/localedata.jar
7fcbb80b0000-7fcbb80b2000 r--s 00007000 08:14 665810                     /usr/share/java/java-atk-wrapper.jar
7fcbb80b2000-7fcbb8504000 rw-p 00000000 00:00 0 
7fcbb8504000-7fcbb86d2000 r--s 03c2c000 08:14 1850598                    /usr/lib/jvm/java-8-openjdk-amd64/jre/lib/rt.jar
7fcbb86d2000-7fcbb8b12000 rw-p 00000000 00:00 0 
7fcbb8b12000-7fcbb8ed2000 ---p 00000000 00:00 0 
7fcbb8ed2000-7fcbbbf5d000 rw-p 00000000 00:00 0 
7fcbbbf5d000-7fcbbbf5e000 ---p 00000000 00:00 0 
7fcbbbf5e000-7fcbbc05e000 rw-p 00000000 00:00 0 
7fcbbc05e000-7fcbbc05f000 ---p 00000000 00:00 0 
7fcbbc05f000-7fcbbc15f000 rw-p 00000000 00:00 0 
7fcbbc15f000-7fcbbc160000 ---p 00000000 00:00 0 
7fcbbc160000-7fcbbc260000 rw-p 00000000 00:00 0 
7fcbbc260000-7fcbbc261000 ---p 00000000 00:00 0 
7fcbbc261000-7fcbbc380000 rw-p 00000000 00:00 0 
7fcbbc380000-7fcbbc549000 ---p 00000000 00:00 0 
7fcbbc549000-7fcbbc568000 rw-p 00000000 00:00 0 
7fcbbc568000-7fcbbc730000 ---p 00000000 00:00 0 
7fcbbc730000-7fcbbc7c9000 rw-p 00000000 00:00 0 
7fcbbc7c9000-7fcbbc824000 ---p 00000000 00:00 0 
7fcbbc824000-7fcbbc82f000 rw-p 00000000 00:00 0 
7fcbbc82f000-7fcbbcbe5000 ---p 00000000 00:00 0 
7fcbbcbe5000-7fcbbce55000 rwxp 00000000 00:00 0 
7fcbbce55000-7fcbcbbe5000 ---p 00000000 00:00 0 
7fcbcbbe5000-7fcbcbbed000 r-xp 00000000 08:14 1839161                    /usr/lib/jvm/java-8-openjdk-amd64/jre/lib/amd64/libzip.so
7fcbcbbed000-7fcbcbdec000 ---p 00008000 08:14 1839161                    /usr/lib/jvm/java-8-openjdk-amd64/jre/lib/amd64/libzip.so
7fcbcbdec000-7fcbcbded000 r--p 00007000 08:14 1839161                    /usr/lib/jvm/java-8-openjdk-amd64/jre/lib/amd64/libzip.so
7fcbcbded000-7fcbcbdee000 rw-p 00008000 08:14 1839161                    /usr/lib/jvm/java-8-openjdk-amd64/jre/lib/amd64/libzip.so
7fcbcbdee000-7fcbcbdf9000 r-xp 00000000 08:14 920936                     /lib/x86_64-linux-gnu/libnss_files-2.26.so
7fcbcbdf9000-7fcbcbff8000 ---p 0000b000 08:14 920936                     /lib/x86_64-linux-gnu/libnss_files-2.26.so
7fcbcbff8000-7fcbcbff9000 r--p 0000a000 08:14 920936                     /lib/x86_64-linux-gnu/libnss_files-2.26.so
7fcbcbff9000-7fcbcbffa000 rw-p 0000b000 08:14 920936                     /lib/x86_64-linux-gnu/libnss_files-2.26.so
7fcbcbffa000-7fcbcc000000 rw-p 00000000 00:00 0 
7fcbcc000000-7fcbcc277000 rw-p 00000000 00:00 0 
7fcbcc277000-7fcbd0000000 ---p 00000000 00:00 0 
7fcbd0001000-7fcbd0003000 r--s 00001000 08:14 1839173                    /usr/lib/jvm/java-8-openjdk-amd64/jre/lib/ext/dnsns.jar
7fcbd0003000-7fcbd001e000 r--s 00394000 08:14 1839172                    /usr/lib/jvm/java-8-openjdk-amd64/jre/lib/ext/cldrdata.jar
7fcbd001e000-7fcbd0021000 r--s 0000f000 08:14 1839174                    /usr/lib/jvm/java-8-openjdk-amd64/jre/lib/ext/icedtea-sound.jar
7fcbd0021000-7fcbd002c000 r-xp 00000000 08:14 920938                     /lib/x86_64-linux-gnu/libnss_nis-2.26.so
7fcbd002c000-7fcbd022b000 ---p 0000b000 08:14 920938                     /lib/x86_64-linux-gnu/libnss_nis-2.26.so
7fcbd022b000-7fcbd022c000 r--p 0000a000 08:14 920938                     /lib/x86_64-linux-gnu/libnss_nis-2.26.so
7fcbd022c000-7fcbd022d000 rw-p 0000b000 08:14 920938                     /lib/x86_64-linux-gnu/libnss_nis-2.26.so
7fcbd022d000-7fcbd0244000 r-xp 00000000 08:14 920889                     /lib/x86_64-linux-gnu/libnsl-2.26.so
7fcbd0244000-7fcbd0443000 ---p 00017000 08:14 920889                     /lib/x86_64-linux-gnu/libnsl-2.26.so
7fcbd0443000-7fcbd0444000 r--p 00016000 08:14 920889                     /lib/x86_64-linux-gnu/libnsl-2.26.so
7fcbd0444000-7fcbd0445000 rw-p 00017000 08:14 920889                     /lib/x86_64-linux-gnu/libnsl-2.26.so
7fcbd0445000-7fcbd0447000 rw-p 00000000 00:00 0 
7fcbd0447000-7fcbd044f000 r-xp 00000000 08:14 920934                     /lib/x86_64-linux-gnu/libnss_compat-2.26.so
7fcbd044f000-7fcbd064e000 ---p 00008000 08:14 920934                     /lib/x86_64-linux-gnu/libnss_compat-2.26.so
7fcbd064e000-7fcbd064f000 r--p 00007000 08:14 920934                     /lib/x86_64-linux-gnu/libnss_compat-2.26.so
7fcbd064f000-7fcbd0650000 rw-p 00008000 08:14 920934                     /lib/x86_64-linux-gnu/libnss_compat-2.26.so
7fcbd0650000-7fcbd065a000 r-xp 00000000 08:14 1839137                    /usr/lib/jvm/java-8-openjdk-amd64/jre/lib/amd64/libinstrument.so
7fcbd065a000-7fcbd0859000 ---p 0000a000 08:14 1839137                    /usr/lib/jvm/java-8-openjdk-amd64/jre/lib/amd64/libinstrument.so
7fcbd0859000-7fcbd085a000 r--p 00009000 08:14 1839137                    /usr/lib/jvm/java-8-openjdk-amd64/jre/lib/amd64/libinstrument.so
7fcbd085a000-7fcbd085b000 rw-p 0000a000 08:14 1839137                    /usr/lib/jvm/java-8-openjdk-amd64/jre/lib/amd64/libinstrument.so
7fcbd085b000-7fcbd0889000 r-xp 00000000 08:14 1839142                    /usr/lib/jvm/java-8-openjdk-amd64/jre/lib/amd64/libjava.so
7fcbd0889000-7fcbd0a88000 ---p 0002e000 08:14 1839142                    /usr/lib/jvm/java-8-openjdk-amd64/jre/lib/amd64/libjava.so
7fcbd0a88000-7fcbd0a89000 r--p 0002d000 08:14 1839142                    /usr/lib/jvm/java-8-openjdk-amd64/jre/lib/amd64/libjava.so
7fcbd0a89000-7fcbd0a8b000 rw-p 0002e000 08:14 1839142                    /usr/lib/jvm/java-8-openjdk-amd64/jre/lib/amd64/libjava.so
7fcbd0a8b000-7fcbd0a9b000 r-xp 00000000 08:14 1839160                    /usr/lib/jvm/java-8-openjdk-amd64/jre/lib/amd64/libverify.so
7fcbd0a9b000-7fcbd0c9a000 ---p 00010000 08:14 1839160                    /usr/lib/jvm/java-8-openjdk-amd64/jre/lib/amd64/libverify.so
7fcbd0c9a000-7fcbd0c9c000 r--p 0000f000 08:14 1839160                    /usr/lib/jvm/java-8-openjdk-amd64/jre/lib/amd64/libverify.so
7fcbd0c9c000-7fcbd0c9d000 rw-p 00011000 08:14 1839160                    /usr/lib/jvm/java-8-openjdk-amd64/jre/lib/amd64/libverify.so
7fcbd0c9d000-7fcbd0ca4000 r-xp 00000000 08:14 921151                     /lib/x86_64-linux-gnu/librt-2.26.so
7fcbd0ca4000-7fcbd0ea3000 ---p 00007000 08:14 921151                     /lib/x86_64-linux-gnu/librt-2.26.so
7fcbd0ea3000-7fcbd0ea4000 r--p 00006000 08:14 921151                     /lib/x86_64-linux-gnu/librt-2.26.so
7fcbd0ea4000-7fcbd0ea5000 rw-p 00007000 08:14 921151                     /lib/x86_64-linux-gnu/librt-2.26.so
7fcbd0ea5000-7fcbd0ebb000 r-xp 00000000 08:14 915799                     /lib/x86_64-linux-gnu/libgcc_s.so.1
7fcbd0ebb000-7fcbd10ba000 ---p 00016000 08:14 915799                     /lib/x86_64-linux-gnu/libgcc_s.so.1
7fcbd10ba000-7fcbd10bb000 r--p 00015000 08:14 915799                     /lib/x86_64-linux-gnu/libgcc_s.so.1
7fcbd10bb000-7fcbd10bc000 rw-p 00016000 08:14 915799                     /lib/x86_64-linux-gnu/libgcc_s.so.1
7fcbd10bc000-7fcbd1211000 r-xp 00000000 08:14 915811                     /lib/x86_64-linux-gnu/libm-2.26.so
7fcbd1211000-7fcbd1410000 ---p 00155000 08:14 915811                     /lib/x86_64-linux-gnu/libm-2.26.so
7fcbd1410000-7fcbd1411000 r--p 00154000 08:14 915811                     /lib/x86_64-linux-gnu/libm-2.26.so
7fcbd1411000-7fcbd1412000 rw-p 00155000 08:14 915811                     /lib/x86_64-linux-gnu/libm-2.26.so
7fcbd1412000-7fcbd158a000 r-xp 00000000 08:14 392831                     /usr/lib/x86_64-linux-gnu/libstdc++.so.6.0.24
7fcbd158a000-7fcbd1789000 ---p 00178000 08:14 392831                     /usr/lib/x86_64-linux-gnu/libstdc++.so.6.0.24
7fcbd1789000-7fcbd1793000 r--p 00177000 08:14 392831                     /usr/lib/x86_64-linux-gnu/libstdc++.so.6.0.24
7fcbd1793000-7fcbd1795000 rw-p 00181000 08:14 392831                     /usr/lib/x86_64-linux-gnu/libstdc++.so.6.0.24
7fcbd1795000-7fcbd1798000 rw-p 00000000 00:00 0 
7fcbd1798000-7fcbd2428000 r-xp 00000000 08:14 1839163                    /usr/lib/jvm/java-8-openjdk-amd64/jre/lib/amd64/server/libjvm.so
7fcbd2428000-7fcbd2628000 ---p 00c90000 08:14 1839163                    /usr/lib/jvm/java-8-openjdk-amd64/jre/lib/amd64/server/libjvm.so
7fcbd2628000-7fcbd26bb000 r--p 00c90000 08:14 1839163                    /usr/lib/jvm/java-8-openjdk-amd64/jre/lib/amd64/server/libjvm.so
7fcbd26bb000-7fcbd26e3000 rw-p 00d23000 08:14 1839163                    /usr/lib/jvm/java-8-openjdk-amd64/jre/lib/amd64/server/libjvm.so
7fcbd26e3000-7fcbd2714000 rw-p 00000000 00:00 0 
7fcbd2714000-7fcbd272e000 r-xp 00000000 08:14 921105                     /lib/x86_64-linux-gnu/libpthread-2.26.so
7fcbd272e000-7fcbd292d000 ---p 0001a000 08:14 921105                     /lib/x86_64-linux-gnu/libpthread-2.26.so
7fcbd292d000-7fcbd292e000 r--p 00019000 08:14 921105                     /lib/x86_64-linux-gnu/libpthread-2.26.so
7fcbd292e000-7fcbd292f000 rw-p 0001a000 08:14 921105                     /lib/x86_64-linux-gnu/libpthread-2.26.so
7fcbd292f000-7fcbd2933000 rw-p 00000000 00:00 0 
7fcbd2933000-7fcbd2936000 r-xp 00000000 08:14 915810                     /lib/x86_64-linux-gnu/libdl-2.26.so
7fcbd2936000-7fcbd2b35000 ---p 00003000 08:14 915810                     /lib/x86_64-linux-gnu/libdl-2.26.so
7fcbd2b35000-7fcbd2b36000 r--p 00002000 08:14 915810                     /lib/x86_64-linux-gnu/libdl-2.26.so
7fcbd2b36000-7fcbd2b37000 rw-p 00003000 08:14 915810                     /lib/x86_64-linux-gnu/libdl-2.26.so
7fcbd2b37000-7fcbd2b53000 r-xp 00000000 08:14 921513                     /lib/x86_64-linux-gnu/libz.so.1.2.11
7fcbd2b53000-7fcbd2d52000 ---p 0001c000 08:14 921513                     /lib/x86_64-linux-gnu/libz.so.1.2.11
7fcbd2d52000-7fcbd2d53000 r--p 0001b000 08:14 921513                     /lib/x86_64-linux-gnu/libz.so.1.2.11
7fcbd2d53000-7fcbd2d54000 rw-p 0001c000 08:14 921513                     /lib/x86_64-linux-gnu/libz.so.1.2.11
7fcbd2d54000-7fcbd2f2a000 r-xp 00000000 08:14 915807                     /lib/x86_64-linux-gnu/libc-2.26.so
7fcbd2f2a000-7fcbd312a000 ---p 001d6000 08:14 915807                     /lib/x86_64-linux-gnu/libc-2.26.so
7fcbd312a000-7fcbd312e000 r--p 001d6000 08:14 915807                     /lib/x86_64-linux-gnu/libc-2.26.so
7fcbd312e000-7fcbd3130000 rw-p 001da000 08:14 915807                     /lib/x86_64-linux-gnu/libc-2.26.so
7fcbd3130000-7fcbd3134000 rw-p 00000000 00:00 0 
7fcbd3134000-7fcbd3142000 r-xp 00000000 08:14 1839128                    /usr/lib/jvm/java-8-openjdk-amd64/jre/lib/amd64/jli/libjli.so
7fcbd3142000-7fcbd3341000 ---p 0000e000 08:14 1839128                    /usr/lib/jvm/java-8-openjdk-amd64/jre/lib/amd64/jli/libjli.so
7fcbd3341000-7fcbd3342000 r--p 0000d000 08:14 1839128                    /usr/lib/jvm/java-8-openjdk-amd64/jre/lib/amd64/jli/libjli.so
7fcbd3342000-7fcbd3343000 rw-p 0000e000 08:14 1839128                    /usr/lib/jvm/java-8-openjdk-amd64/jre/lib/amd64/jli/libjli.so
7fcbd3343000-7fcbd336a000 r-xp 00000000 08:14 915803                     /lib/x86_64-linux-gnu/ld-2.26.so
7fcbd336a000-7fcbd336b000 r--s 00000000 08:14 1850593                    /usr/lib/jvm/java-8-openjdk-amd64/jre/lib/management-agent.jar
7fcbd336b000-7fcbd336c000 r--s 00010000 08:14 1839181                    /usr/lib/jvm/java-8-openjdk-amd64/jre/lib/ext/zipfs.jar
7fcbd336c000-7fcbd343d000 rw-p 00000000 00:00 0 
7fcbd343d000-7fcbd3440000 ---p 00000000 00:00 0 
7fcbd3440000-7fcbd3540000 rw-p 00000000 00:00 0 
7fcbd3540000-7fcbd3541000 r--s 0000a000 08:14 1839175                    /usr/lib/jvm/java-8-openjdk-amd64/jre/lib/ext/jaccess.jar
7fcbd3541000-7fcbd355e000 rw-p 00000000 00:00 0 
7fcbd355e000-7fcbd3566000 rw-s 00000000 08:14 266197                     /tmp/hsperfdata_raccoon/25870
7fcbd3566000-7fcbd3567000 rw-p 00000000 00:00 0 
7fcbd3567000-7fcbd3568000 ---p 00000000 00:00 0 
7fcbd3568000-7fcbd356a000 rw-p 00000000 00:00 0 
7fcbd356a000-7fcbd356b000 r--p 00027000 08:14 915803                     /lib/x86_64-linux-gnu/ld-2.26.so
7fcbd356b000-7fcbd356c000 rw-p 00028000 08:14 915803                     /lib/x86_64-linux-gnu/ld-2.26.so
7fcbd356c000-7fcbd356d000 rw-p 00000000 00:00 0 
7ffc1f2cb000-7ffc1f2ec000 rw-p 00000000 00:00 0                          [stack]
7ffc1f3e1000-7ffc1f3e4000 r--p 00000000 00:00 0                          [vvar]
7ffc1f3e4000-7ffc1f3e6000 r-xp 00000000 00:00 0                          [vdso]
ffffffffff600000-ffffffffff601000 r-xp 00000000 00:00 0                  [vsyscall]

VM Arguments:
jvm_args: -javaagent:/home/raccoon/.local/share/umake/ide/idea/lib/idea_rt.jar=44165:/home/raccoon/.local/share/umake/ide/idea/bin -Dfile.encoding=UTF-8 
java_command: cryptolab3.CryptoLab3
java_class_path (initial): /usr/lib/jvm/java-1.8.0-openjdk-amd64/jre/lib/charsets.jar:/usr/lib/jvm/java-1.8.0-openjdk-amd64/jre/lib/ext/cldrdata.jar:/usr/lib/jvm/java-1.8.0-openjdk-amd64/jre/lib/ext/dnsns.jar:/usr/lib/jvm/java-1.8.0-openjdk-amd64/jre/lib/ext/icedtea-sound.jar:/usr/lib/jvm/java-1.8.0-openjdk-amd64/jre/lib/ext/jaccess.jar:/usr/lib/jvm/java-1.8.0-openjdk-amd64/jre/lib/ext/java-atk-wrapper.jar:/usr/lib/jvm/java-1.8.0-openjdk-amd64/jre/lib/ext/localedata.jar:/usr/lib/jvm/java-1.8.0-openjdk-amd64/jre/lib/ext/nashorn.jar:/usr/lib/jvm/java-1.8.0-openjdk-amd64/jre/lib/ext/sunec.jar:/usr/lib/jvm/java-1.8.0-openjdk-amd64/jre/lib/ext/sunjce_provider.jar:/usr/lib/jvm/java-1.8.0-openjdk-amd64/jre/lib/ext/sunpkcs11.jar:/usr/lib/jvm/java-1.8.0-openjdk-amd64/jre/lib/ext/zipfs.jar:/usr/lib/jvm/java-1.8.0-openjdk-amd64/jre/lib/jce.jar:/usr/lib/jvm/java-1.8.0-openjdk-amd64/jre/lib/jsse.jar:/usr/lib/jvm/java-1.8.0-openjdk-amd64/jre/lib/management-agent.jar:/usr/lib/jvm/java-1.8.0-openjdk-amd64/jre/lib/resources.jar:/usr/lib/jvm/java-1.8.0-openjdk-amd64/jre/lib/rt.jar:/home/raccoon/IdeaProjects/symCryptoLab3(Affine Cifer)/out/production/symCryptoLab3(Affine Cifer):/home/raccoon/.local/share/umake/ide/idea/lib/idea_rt.jar
Launcher Type: SUN_STANDARD

Environment Variables:
PATH=/home/raccoon/.local/share/umake/bin:/usr/local/sbin:/usr/local/bin:/usr/sbin:/usr/bin:/sbin:/bin:/usr/games:/usr/local/games:/snap/bin
USERNAME=raccoon
SHELL=/bin/bash
DISPLAY=:0

Signal Handlers:
SIGSEGV: [libjvm.so+0xaaafa0], sa_mask[0]=11111111011111111101111111111110, sa_flags=SA_RESTART|SA_SIGINFO
SIGBUS: [libjvm.so+0xaaafa0], sa_mask[0]=11111111011111111101111111111110, sa_flags=SA_RESTART|SA_SIGINFO
SIGFPE: [libjvm.so+0x8e12c0], sa_mask[0]=11111111011111111101111111111110, sa_flags=SA_RESTART|SA_SIGINFO
SIGPIPE: [libjvm.so+0x8e12c0], sa_mask[0]=11111111011111111101111111111110, sa_flags=SA_RESTART|SA_SIGINFO
SIGXFSZ: [libjvm.so+0x8e12c0], sa_mask[0]=11111111011111111101111111111110, sa_flags=SA_RESTART|SA_SIGINFO
SIGILL: [libjvm.so+0x8e12c0], sa_mask[0]=11111111011111111101111111111110, sa_flags=SA_RESTART|SA_SIGINFO
SIGUSR1: SIG_DFL, sa_mask[0]=00000000000000000000000000000000, sa_flags=none
SIGUSR2: [libjvm.so+0x8e1170], sa_mask[0]=00100000000000000000000000000000, sa_flags=SA_RESTART|SA_SIGINFO
SIGHUP: [libjvm.so+0x8e1620], sa_mask[0]=11111111011111111101111111111110, sa_flags=SA_RESTART|SA_SIGINFO
SIGINT: [libjvm.so+0x8e1620], sa_mask[0]=11111111011111111101111111111110, sa_flags=SA_RESTART|SA_SIGINFO
SIGTERM: [libjvm.so+0x8e1620], sa_mask[0]=11111111011111111101111111111110, sa_flags=SA_RESTART|SA_SIGINFO
SIGQUIT: [libjvm.so+0x8e1620], sa_mask[0]=11111111011111111101111111111110, sa_flags=SA_RESTART|SA_SIGINFO


---------------  S Y S T E M  ---------------

OS:DISTRIB_ID=Ubuntu
DISTRIB_RELEASE=17.10
DISTRIB_CODENAME=artful
DISTRIB_DESCRIPTION="Ubuntu 17.10"

uname:Linux 4.13.0-38-generic #43-Ubuntu SMP Wed Mar 14 15:20:44 UTC 2018 x86_64
libc:glibc 2.26 NPTL 2.26 
rlimit: STACK 8192k, CORE 0k, NPROC 22717, NOFILE 1048576, AS infinity
load average:2,12 1,52 1,57

/proc/meminfo:
MemTotal:        5982268 kB
MemFree:          108168 kB
MemAvailable:      27656 kB
Buffers:            1904 kB
Cached:           457084 kB
SwapCached:         4964 kB
Active:          4880336 kB
Inactive:         720144 kB
Active(anon):    4855620 kB
Inactive(anon):   693656 kB
Active(file):      24716 kB
Inactive(file):    26488 kB
Unevictable:          84 kB
Mlocked:              84 kB
SwapTotal:       1358960 kB
SwapFree:         109036 kB
Dirty:               100 kB
Writeback:          1300 kB
AnonPages:       5138292 kB
Mapped:           261628 kB
Shmem:            408364 kB
Slab:             105452 kB
SReclaimable:      51540 kB
SUnreclaim:        53912 kB
KernelStack:       14592 kB
PageTables:        69072 kB
NFS_Unstable:          0 kB
Bounce:                0 kB
WritebackTmp:          0 kB
CommitLimit:     4350092 kB
Committed_AS:   13891748 kB
VmallocTotal:   34359738367 kB
VmallocUsed:           0 kB
VmallocChunk:          0 kB
HardwareCorrupted:     0 kB
AnonHugePages:         0 kB
ShmemHugePages:        0 kB
ShmemPmdMapped:        0 kB
CmaTotal:              0 kB
CmaFree:               0 kB
HugePages_Total:       0
HugePages_Free:        0
HugePages_Rsvd:        0
HugePages_Surp:        0
Hugepagesize:       2048 kB
DirectMap4k:      209836 kB
DirectMap2M:     5959680 kB
DirectMap1G:           0 kB


CPU:total 4 (initial active 4) (2 cores per cpu, 2 threads per core) family 6 model 142 stepping 9, cmov, cx8, fxsr, mmx, sse, sse2, sse3, ssse3, sse4.1, sse4.2, popcnt, avx, avx2, aes, clmul, erms, 3dnowpref, lzcnt, ht, tsc, tscinvbit, bmi1, bmi2, adx

/proc/cpuinfo:
processor	: 0
vendor_id	: GenuineIntel
cpu family	: 6
model		: 142
model name	: Intel(R) Core(TM) i5-7200U CPU @ 2.50GHz
stepping	: 9
microcode	: 0x3a
cpu MHz		: 3099.992
cache size	: 3072 KB
physical id	: 0
siblings	: 4
core id		: 0
cpu cores	: 2
apicid		: 0
initial apicid	: 0
fpu		: yes
fpu_exception	: yes
cpuid level	: 22
wp		: yes
flags		: fpu vme de pse tsc msr pae mce cx8 apic sep mtrr pge mca cmov pat pse36 clflush dts acpi mmx fxsr sse sse2 ss ht tm pbe syscall nx pdpe1gb rdtscp lm constant_tsc art arch_perfmon pebs bts rep_good nopl xtopology nonstop_tsc cpuid aperfmperf tsc_known_freq pni pclmulqdq dtes64 monitor ds_cpl vmx est tm2 ssse3 sdbg fma cx16 xtpr pdcm pcid sse4_1 sse4_2 x2apic movbe popcnt aes xsave avx f16c rdrand lahf_lm abm 3dnowprefetch cpuid_fault epb invpcid_single pti retpoline intel_pt rsb_ctxsw tpr_shadow vnmi flexpriority ept vpid fsgsbase tsc_adjust bmi1 avx2 smep bmi2 erms invpcid mpx rdseed adx smap clflushopt xsaveopt xsavec xgetbv1 xsaves dtherm ida arat pln pts hwp hwp_notify hwp_act_window hwp_epp
bugs		: cpu_meltdown spectre_v1 spectre_v2
bogomips	: 5424.00
clflush size	: 64
cache_alignment	: 64
address sizes	: 39 bits physical, 48 bits virtual
power management:

processor	: 1
vendor_id	: GenuineIntel
cpu family	: 6
model		: 142
model name	: Intel(R) Core(TM) i5-7200U CPU @ 2.50GHz
stepping	: 9
microcode	: 0x3a
cpu MHz		: 3100.000
cache size	: 3072 KB
physical id	: 0
siblings	: 4
core id		: 1
cpu cores	: 2
apicid		: 2
initial apicid	: 2
fpu		: yes
fpu_exception	: yes
cpuid level	: 22
wp		: yes
flags		: fpu vme de pse tsc msr pae mce cx8 apic sep mtrr pge mca cmov pat pse36 clflush dts acpi mmx fxsr sse sse2 ss ht tm pbe syscall nx pdpe1gb rdtscp lm constant_tsc art arch_perfmon pebs bts rep_good nopl xtopology nonstop_tsc cpuid aperfmperf tsc_known_freq pni pclmulqdq dtes64 monitor ds_cpl vmx est tm2 ssse3 sdbg fma cx16 xtpr pdcm pcid sse4_1 sse4_2 x2apic movbe popcnt aes xsave avx f16c rdrand lahf_lm abm 3dnowprefetch cpuid_fault epb invpcid_single pti retpoline intel_pt rsb_ctxsw tpr_shadow vnmi flexpriority ept vpid fsgsbase tsc_adjust bmi1 avx2 smep bmi2 erms invpcid mpx rdseed adx smap clflushopt xsaveopt xsavec xgetbv1 xsaves dtherm ida arat pln pts hwp hwp_notify hwp_act_window hwp_epp
bugs		: cpu_meltdown spectre_v1 spectre_v2
bogomips	: 5424.00
clflush size	: 64
cache_alignment	: 64
address sizes	: 39 bits physical, 48 bits virtual
power management:

processor	: 2
vendor_id	: GenuineIntel
cpu family	: 6
model		: 142
model name	: Intel(R) Core(TM) i5-7200U CPU @ 2.50GHz
stepping	: 9
microcode	: 0x3a
cpu MHz		: 3099.999
cache size	: 3072 KB
physical id	: 0
siblings	: 4
core id		: 0
cpu cores	: 2
apicid		: 1
initial apicid	: 1
fpu		: yes
fpu_exception	: yes
cpuid level	: 22
wp		: yes
flags		: fpu vme de pse tsc msr pae mce cx8 apic sep mtrr pge mca cmov pat pse36 clflush dts acpi mmx fxsr sse sse2 ss ht tm pbe syscall nx pdpe1gb rdtscp lm constant_tsc art arch_perfmon pebs bts rep_good nopl xtopology nonstop_tsc cpuid aperfmperf tsc_known_freq pni pclmulqdq dtes64 monitor ds_cpl vmx est tm2 ssse3 sdbg fma cx16 xtpr pdcm pcid sse4_1 sse4_2 x2apic movbe popcnt aes xsave avx f16c rdrand lahf_lm abm 3dnowprefetch cpuid_fault epb invpcid_single pti retpoline intel_pt rsb_ctxsw tpr_shadow vnmi flexpriority ept vpid fsgsbase tsc_adjust bmi1 avx2 smep bmi2 erms invpcid mpx rdseed adx smap clflushopt xsaveopt xsavec xgetbv1 xsaves dtherm ida arat pln pts hwp hwp_notify hwp_act_window hwp_epp
bugs		: cpu_meltdown spectre_v1 spectre_v2
bogomips	: 5424.00
clflush size	: 64
cache_alignment	: 64
address sizes	: 39 bits physical, 48 bits virtual
power management:

processor	: 3
vendor_id	: GenuineIntel
cpu family	: 6
model		: 142
model name	: Intel(R) Core(TM) i5-7200U CPU @ 2.50GHz
stepping	: 9
microcode	: 0x3a
cpu MHz		: 3099.999
cache size	: 3072 KB
physical id	: 0
siblings	: 4
core id		: 1
cpu cores	: 2
apicid		: 3
initial apicid	: 3
fpu		: yes
fpu_exception	: yes
cpuid level	: 22
wp		: yes
flags		: fpu vme de pse tsc msr pae mce cx8 apic sep mtrr pge mca cmov pat pse36 clflush dts acpi mmx fxsr sse sse2 ss ht tm pbe syscall nx pdpe1gb rdtscp lm constant_tsc art arch_perfmon pebs bts rep_good nopl xtopology nonstop_tsc cpuid aperfmperf tsc_known_freq pni pclmulqdq dtes64 monitor ds_cpl vmx est tm2 ssse3 sdbg fma cx16 xtpr pdcm pcid sse4_1 sse4_2 x2apic movbe popcnt aes xsave avx f16c rdrand lahf_lm abm 3dnowprefetch cpuid_fault epb invpcid_single pti retpoline intel_pt rsb_ctxsw tpr_shadow vnmi flexpriority ept vpid fsgsbase tsc_adjust bmi1 avx2 smep bmi2 erms invpcid mpx rdseed adx smap clflushopt xsaveopt xsavec xgetbv1 xsaves dtherm ida arat pln pts hwp hwp_notify hwp_act_window hwp_epp
bugs		: cpu_meltdown spectre_v1 spectre_v2
bogomips	: 5424.00
clflush size	: 64
cache_alignment	: 64
address sizes	: 39 bits physical, 48 bits virtual
power management:



Memory: 4k page, physical 5982268k(104820k free), swap 1358960k(109036k free)

vm_info: OpenJDK 64-Bit Server VM (25.162-b12) for linux-amd64 JRE (1.8.0_162-8u162-b12-0ubuntu0.17.10.2-b12), built on Mar 13 2018 22:44:51 by "buildd" with gcc 7.2.0

time: Mon Apr 23 21:32:34 2018
elapsed time: 1 seconds (0d 0h 0m 1s)

